[32mSTART RequestId: 987e245d-1c13-12dc-e65d-1c348dd58738 Version: $LATEST[0m
2020/11/13 07:56:47 map[Accept:*/* Accept-Encoding:gzip Content-Length:0 Host:9c9cd40224c6.ap.ngrok.io User-Agent:curl/7.64.1 X-Forwarded-For:2409:10:a800:2300:397f:e958:9488:9a6a X-Forwarded-Port:3000 X-Forwarded-Proto:http]
2020/11/13 07:56:47 
2020/11/13 07:56:47 unexpected end of JSON input
[32mEND RequestId: 987e245d-1c13-12dc-e65d-1c348dd58738[0m
[32mREPORT RequestId: 987e245d-1c13-12dc-e65d-1c348dd58738	Init Duration: 4393.42 ms	Duration: 103.42 ms	Billed Duration: 200 ms	Memory Size: 128 MB	Max Memory Used: 25 MB	[0m
[32mSTART RequestId: 0ca6c108-5495-110d-8683-fd707055cc9a Version: $LATEST[0m
2020/11/13 08:00:26 map[Accept:*/* Accept-Encoding:gzip Content-Length:0 Host:9c9cd40224c6.ap.ngrok.io User-Agent:curl/7.64.1 X-Forwarded-For:2409:10:a800:2300:397f:e958:9488:9a6a X-Forwarded-Port:3000 X-Forwarded-Proto:http]
2020/11/13 08:00:26 
2020/11/13 08:00:26 unexpected end of JSON input
[32mEND RequestId: 0ca6c108-5495-110d-8683-fd707055cc9a[0m
[32mREPORT RequestId: 0ca6c108-5495-110d-8683-fd707055cc9a	Init Duration: 721.44 ms	Duration: 21.29 ms	Billed Duration: 100 ms	Memory Size: 128 MB	Max Memory Used: 23 MB	[0m
[32mSTART RequestId: 3257699a-116d-1991-5721-5544192032dc Version: $LATEST[0m
2020/11/13 08:00:34 map[Accept:*/* Accept-Encoding:gzip Content-Length:0 Host:9c9cd40224c6.ap.ngrok.io User-Agent:curl/7.64.1 X-Forwarded-For:2409:10:a800:2300:397f:e958:9488:9a6a X-Forwarded-Port:3000 X-Forwarded-Proto:http]
2020/11/13 08:00:34 
2020/11/13 08:00:34 unexpected end of JSON input
[32mEND RequestId: 3257699a-116d-1991-5721-5544192032dc[0m
[32mREPORT RequestId: 3257699a-116d-1991-5721-5544192032dc	Init Duration: 509.24 ms	Duration: 23.07 ms	Billed Duration: 100 ms	Memory Size: 128 MB	Max Memory Used: 23 MB	[0m
[32mSTART RequestId: 4476b046-cdbb-1ea7-5531-c00d691b9d5f Version: $LATEST[0m
2020/11/13 08:00:57 map[Accept:*/* Accept-Encoding:gzip Content-Length:0 Host:9c9cd40224c6.ap.ngrok.io User-Agent:curl/7.64.1 X-Forwarded-For:2409:10:a800:2300:397f:e958:9488:9a6a X-Forwarded-Port:3000 X-Forwarded-Proto:http]
2020/11/13 08:00:57 
2020/11/13 08:00:57 unexpected end of JSON input
[32mEND RequestId: 4476b046-cdbb-1ea7-5531-c00d691b9d5f[0m
[32mREPORT RequestId: 4476b046-cdbb-1ea7-5531-c00d691b9d5f	Init Duration: 657.09 ms	Duration: 27.23 ms	Billed Duration: 100 ms	Memory Size: 128 MB	Max Memory Used: 23 MB	[0m
[32mSTART RequestId: 34bc92ea-5598-15b6-7546-b59237600b18 Version: $LATEST[0m
2020/11/13 08:05:47 map[Accept:*/* Accept-Encoding:gzip Content-Length:0 Host:9c9cd40224c6.ap.ngrok.io User-Agent:curl/7.64.1 X-Forwarded-For:2409:10:a800:2300:397f:e958:9488:9a6a X-Forwarded-Port:3000 X-Forwarded-Proto:http]
2020/11/13 08:05:47 
2020/11/13 08:05:47 unexpected end of JSON input
[32mEND RequestId: 34bc92ea-5598-15b6-7546-b59237600b18[0m
[32mREPORT RequestId: 34bc92ea-5598-15b6-7546-b59237600b18	Init Duration: 615.17 ms	Duration: 14.04 ms	Billed Duration: 100 ms	Memory Size: 128 MB	Max Memory Used: 23 MB	[0m
[32mSTART RequestId: 412792c0-5da0-1efd-c381-b9bc4bef6652 Version: $LATEST[0m
2020/11/13 08:06:01 map[Accept:*/* Accept-Encoding:gzip Content-Length:0 Host:9c9cd40224c6.ap.ngrok.io User-Agent:curl/7.64.1 X-Forwarded-For:2409:10:a800:2300:397f:e958:9488:9a6a X-Forwarded-Port:3000 X-Forwarded-Proto:http]
2020/11/13 08:06:01 
2020/11/13 08:06:01 unexpected end of JSON input
[32mEND RequestId: 412792c0-5da0-1efd-c381-b9bc4bef6652[0m
[32mREPORT RequestId: 412792c0-5da0-1efd-c381-b9bc4bef6652	Init Duration: 566.00 ms	Duration: 13.20 ms	Billed Duration: 100 ms	Memory Size: 128 MB	Max Memory Used: 23 MB	[0m
[32mSTART RequestId: 4be53ea7-fdf4-1334-4821-1b9e39027def Version: $LATEST[0m
2020/11/13 08:08:02 map[Accept:*/* Accept-Encoding:gzip Content-Length:0 Host:9c9cd40224c6.ap.ngrok.io User-Agent:curl/7.64.1 X-Forwarded-For:2409:10:a800:2300:397f:e958:9488:9a6a X-Forwarded-Port:3000 X-Forwarded-Proto:http]
2020/11/13 08:08:02 
2020/11/13 08:08:02 unexpected end of JSON input
[32mEND RequestId: 4be53ea7-fdf4-1334-4821-1b9e39027def[0m
[32mREPORT RequestId: 4be53ea7-fdf4-1334-4821-1b9e39027def	Init Duration: 602.54 ms	Duration: 16.34 ms	Billed Duration: 100 ms	Memory Size: 128 MB	Max Memory Used: 23 MB	[0m
[32mSTART RequestId: c42a93d9-691a-1cfd-4ec6-666231728f3b Version: $LATEST[0m
2020/11/13 08:08:16 map[Accept:*/* Accept-Encoding:gzip Content-Length:0 Host:9c9cd40224c6.ap.ngrok.io User-Agent:curl/7.64.1 X-Forwarded-For:2409:10:a800:2300:397f:e958:9488:9a6a X-Forwarded-Port:3000 X-Forwarded-Proto:http]
2020/11/13 08:08:16 
2020/11/13 08:08:16 unexpected end of JSON input
[32mEND RequestId: c42a93d9-691a-1cfd-4ec6-666231728f3b[0m
[32mREPORT RequestId: c42a93d9-691a-1cfd-4ec6-666231728f3b	Init Duration: 538.88 ms	Duration: 15.78 ms	Billed Duration: 100 ms	Memory Size: 128 MB	Max Memory Used: 23 MB	[0m
[32mSTART RequestId: 7c2d2214-666f-1352-d8d9-ddedb94eac27 Version: $LATEST[0m
2020/11/13 08:08:23 map[Accept:*/* Accept-Encoding:gzip Content-Length:0 Host:9c9cd40224c6.ap.ngrok.io User-Agent:curl/7.64.1 X-Forwarded-For:2409:10:a800:2300:397f:e958:9488:9a6a X-Forwarded-Port:3000 X-Forwarded-Proto:http]
2020/11/13 08:08:23 
2020/11/13 08:08:23 unexpected end of JSON input
[32mEND RequestId: 7c2d2214-666f-1352-d8d9-ddedb94eac27[0m
[32mREPORT RequestId: 7c2d2214-666f-1352-d8d9-ddedb94eac27	Init Duration: 489.64 ms	Duration: 11.75 ms	Billed Duration: 100 ms	Memory Size: 128 MB	Max Memory Used: 23 MB	[0m
[32mSTART RequestId: c2e453f9-98c3-10fe-5a5e-102121479320 Version: $LATEST[0m
2020/11/13 08:23:16 map[Accept:*/* Accept-Encoding:gzip Content-Length:0 Host:9c9cd40224c6.ap.ngrok.io User-Agent:curl/7.64.1 X-Forwarded-For:2409:10:a800:2300:397f:e958:9488:9a6a X-Forwarded-Port:3000 X-Forwarded-Proto:http]
2020/11/13 08:23:16 
2020/11/13 08:23:16 unexpected end of JSON input
[32mEND RequestId: c2e453f9-98c3-10fe-5a5e-102121479320[0m
[32mREPORT RequestId: c2e453f9-98c3-10fe-5a5e-102121479320	Init Duration: 841.68 ms	Duration: 13.40 ms	Billed Duration: 100 ms	Memory Size: 128 MB	Max Memory Used: 23 MB	[0m
[32mSTART RequestId: b87596c4-9d7b-12e0-b165-68bde6e3ff1d Version: $LATEST[0m
2020/11/13 08:23:31 map[Accept:*/* Accept-Encoding:gzip Content-Length:0 Host:9c9cd40224c6.ap.ngrok.io User-Agent:curl/7.64.1 X-Forwarded-For:2409:10:a800:2300:397f:e958:9488:9a6a X-Forwarded-Port:3000 X-Forwarded-Proto:http]
2020/11/13 08:23:31 
2020/11/13 08:23:31 unexpected end of JSON input
[32mEND RequestId: b87596c4-9d7b-12e0-b165-68bde6e3ff1d[0m
[32mREPORT RequestId: b87596c4-9d7b-12e0-b165-68bde6e3ff1d	Init Duration: 1062.66 ms	Duration: 73.61 ms	Billed Duration: 100 ms	Memory Size: 128 MB	Max Memory Used: 23 MB	[0m
[32mSTART RequestId: e1ac8014-b51c-1df7-ccce-e1b5b96b44ae Version: $LATEST[0m
2020/11/13 08:24:03 map[Accept:*/* Accept-Encoding:gzip Content-Length:302 Content-Type:application/json; charset=utf-8 Host:9c9cd40224c6.ap.ngrok.io User-Agent:LineBotWebhook/1.0 X-Forwarded-For:147.92.150.195 X-Forwarded-Port:3000 X-Forwarded-Proto:http X-Line-Signature:okrkPzun04kJbu0J5aY2yLe2lcvoFKuIGk5nOX6oySU=]
2020/11/13 08:24:03 {"events":[{"type":"message","replyToken":"8304183512ff46b79b84171ca073a77a","source":{"userId":"U118f6306f5fdcaa4c4217547a1387c9a","type":"user"},"timestamp":1605255839481,"mode":"active","message":{"type":"text","id":"13023220973007","text":"あ"}}],"destination":"U7a56a80e4a286b70debed3e60fd04cfa"}
[32mEND RequestId: e1ac8014-b51c-1df7-ccce-e1b5b96b44ae[0m
[32mREPORT RequestId: e1ac8014-b51c-1df7-ccce-e1b5b96b44ae	Init Duration: 851.15 ms	Duration: 550.53 ms	Billed Duration: 600 ms	Memory Size: 128 MB	Max Memory Used: 31 MB	[0m
[32mSTART RequestId: cdb31a7c-9966-1e34-6c6f-d625c322b121 Version: $LATEST[0m
2020/11/13 08:24:29 map[Accept:*/* Accept-Encoding:gzip Content-Length:329 Content-Type:application/json; charset=utf-8 Host:9c9cd40224c6.ap.ngrok.io User-Agent:LineBotWebhook/1.0 X-Forwarded-For:147.92.150.195 X-Forwarded-Port:3000 X-Forwarded-Proto:http X-Line-Signature:PelZCmJV2P1K3poihwCkDXSRXLxX8fBsswdulWApKmM=]
2020/11/13 08:24:29 {"events":[{"type":"message","replyToken":"33c222e5888c48a2aa39088e96a2b264","source":{"userId":"U118f6306f5fdcaa4c4217547a1387c9a","type":"user"},"timestamp":1605255865506,"mode":"active","message":{"type":"text","id":"13023223120100","text":"いえす！やったでい！"}}],"destination":"U7a56a80e4a286b70debed3e60fd04cfa"}
[32mEND RequestId: cdb31a7c-9966-1e34-6c6f-d625c322b121[0m
[32mREPORT RequestId: cdb31a7c-9966-1e34-6c6f-d625c322b121	Init Duration: 577.47 ms	Duration: 306.61 ms	Billed Duration: 400 ms	Memory Size: 128 MB	Max Memory Used: 31 MB	[0m
[32mSTART RequestId: f3084977-b3b8-1fda-9a5f-06f8f5559e82 Version: $LATEST[0m
2020/11/13 08:25:51 map[Accept:*/* Accept-Encoding:gzip Content-Length:336 Content-Type:application/json; charset=utf-8 Host:9c9cd40224c6.ap.ngrok.io User-Agent:LineBotWebhook/1.0 X-Forwarded-For:147.92.150.195 X-Forwarded-Port:3000 X-Forwarded-Proto:http X-Line-Signature:nNGW/RT+8RuQZULC2s0eUefb37pbBd4nttBYDKMQii4=]
2020/11/13 08:25:51 {"events":[{"type":"message","replyToken":"5bfb6e05551347c3ab8ab1ca71e759a4","source":{"userId":"U118f6306f5fdcaa4c4217547a1387c9a","type":"user"},"timestamp":1605255948856,"mode":"active","message":{"type":"text","id":"13023229991827","text":"Why the fuck was the webhook set OFF?"}}],"destination":"U7a56a80e4a286b70debed3e60fd04cfa"}
[32mEND RequestId: f3084977-b3b8-1fda-9a5f-06f8f5559e82[0m
[32mREPORT RequestId: f3084977-b3b8-1fda-9a5f-06f8f5559e82	Init Duration: 631.63 ms	Duration: 385.72 ms	Billed Duration: 400 ms	Memory Size: 128 MB	Max Memory Used: 30 MB	[0m
[32mSTART RequestId: 524afd09-3856-10ab-806a-be33101d9747 Version: $LATEST[0m
2020/11/13 08:26:22 map[Accept:*/* Accept-Encoding:gzip Content-Length:0 Host:9c9cd40224c6.ap.ngrok.io User-Agent:curl/7.64.1 X-Forwarded-For:2409:10:a800:2300:397f:e958:9488:9a6a X-Forwarded-Port:3000 X-Forwarded-Proto:http]
2020/11/13 08:26:22 
2020/11/13 08:26:22 unexpected end of JSON input
[32mEND RequestId: 524afd09-3856-10ab-806a-be33101d9747[0m
[32mREPORT RequestId: 524afd09-3856-10ab-806a-be33101d9747	Init Duration: 521.21 ms	Duration: 11.44 ms	Billed Duration: 100 ms	Memory Size: 128 MB	Max Memory Used: 23 MB	[0m
[32mSTART RequestId: 98ce4d8d-d7eb-114f-d454-8a0ce86033ca Version: $LATEST[0m
2020/11/13 08:26:53 map[Accept:*/* Accept-Encoding:gzip Content-Length:302 Content-Type:application/json; charset=utf-8 Host:9c9cd40224c6.ap.ngrok.io User-Agent:LineBotWebhook/1.0 X-Forwarded-For:147.92.150.195 X-Forwarded-Port:3000 X-Forwarded-Proto:http X-Line-Signature:E2RpXYHj41wz5PbARv3fwgLnUFJhOk/pdmQ4fnZbQlw=]
2020/11/13 08:26:53 {"events":[{"type":"message","replyToken":"389a9be9ea2649ad91d2df072aa534c4","source":{"userId":"U118f6306f5fdcaa4c4217547a1387c9a","type":"user"},"timestamp":1605256009180,"mode":"active","message":{"type":"text","id":"13023234970676","text":"yes"}}],"destination":"U7a56a80e4a286b70debed3e60fd04cfa"}
[32mEND RequestId: 98ce4d8d-d7eb-114f-d454-8a0ce86033ca[0m
[32mREPORT RequestId: 98ce4d8d-d7eb-114f-d454-8a0ce86033ca	Init Duration: 598.20 ms	Duration: 402.36 ms	Billed Duration: 500 ms	Memory Size: 128 MB	Max Memory Used: 30 MB	[0m
[32mSTART RequestId: b43f71bc-478f-1142-7c51-5b886996bc79 Version: $LATEST[0m
